[21-Apr-2022 10:38:50 UTC] PHP Warning:  include(includes/head): failed to open stream: No such file or directory in C:\Users\Sahli\Local Sites\blanche\app\public\index.php on line 4
[21-Apr-2022 10:38:50 UTC] PHP Stack trace:
[21-Apr-2022 10:38:50 UTC] PHP   1. {main}() C:\Users\Sahli\Local Sites\blanche\app\public\index.php:0
[21-Apr-2022 10:38:50 UTC] PHP Warning:  include(): Failed opening 'includes/head' for inclusion (include_path='.:/usr/share/php:/www/wp-content/pear') in C:\Users\Sahli\Local Sites\blanche\app\public\index.php on line 4
[21-Apr-2022 10:38:50 UTC] PHP Stack trace:
[21-Apr-2022 10:38:50 UTC] PHP   1. {main}() C:\Users\Sahli\Local Sites\blanche\app\public\index.php:0
[23-Apr-2022 13:59:02 UTC] PHP Notice:  Undefined variable: sellers in C:\Users\Sahli\Local Sites\blanche\app\public\includes\seller.php on line 4
[23-Apr-2022 13:59:02 UTC] PHP Stack trace:
[23-Apr-2022 13:59:02 UTC] PHP   1. {main}() C:\Users\Sahli\Local Sites\blanche\app\public\index.php:0
[23-Apr-2022 13:59:02 UTC] PHP   2. include() C:\Users\Sahli\Local Sites\blanche\app\public\index.php:15
[23-Apr-2022 13:59:02 UTC] PHP Warning:  Invalid argument supplied for foreach() in C:\Users\Sahli\Local Sites\blanche\app\public\includes\seller.php on line 4
[23-Apr-2022 13:59:02 UTC] PHP Stack trace:
[23-Apr-2022 13:59:02 UTC] PHP   1. {main}() C:\Users\Sahli\Local Sites\blanche\app\public\index.php:0
[23-Apr-2022 13:59:02 UTC] PHP   2. include() C:\Users\Sahli\Local Sites\blanche\app\public\index.php:15
[23-Apr-2022 13:59:02 UTC] PHP Notice:  Undefined variable: sellers in C:\Users\Sahli\Local Sites\blanche\app\public\includes\seller.php on line 4
[23-Apr-2022 13:59:02 UTC] PHP Stack trace:
[23-Apr-2022 13:59:02 UTC] PHP   1. {main}() C:\Users\Sahli\Local Sites\blanche\app\public\index.php:0
[23-Apr-2022 13:59:02 UTC] PHP   2. include() C:\Users\Sahli\Local Sites\blanche\app\public\index.php:15
[23-Apr-2022 13:59:02 UTC] PHP Warning:  Invalid argument supplied for foreach() in C:\Users\Sahli\Local Sites\blanche\app\public\includes\seller.php on line 4
[23-Apr-2022 13:59:02 UTC] PHP Stack trace:
[23-Apr-2022 13:59:02 UTC] PHP   1. {main}() C:\Users\Sahli\Local Sites\blanche\app\public\index.php:0
[23-Apr-2022 13:59:02 UTC] PHP   2. include() C:\Users\Sahli\Local Sites\blanche\app\public\index.php:15
[23-Apr-2022 14:03:27 UTC] PHP Notice:  Undefined variable: sellers in C:\Users\Sahli\Local Sites\blanche\app\public\includes\seller.php on line 4
[23-Apr-2022 14:03:27 UTC] PHP Stack trace:
[23-Apr-2022 14:03:27 UTC] PHP   1. {main}() C:\Users\Sahli\Local Sites\blanche\app\public\index.php:0
[23-Apr-2022 14:03:27 UTC] PHP   2. include() C:\Users\Sahli\Local Sites\blanche\app\public\index.php:15
[23-Apr-2022 14:03:27 UTC] PHP Warning:  Invalid argument supplied for foreach() in C:\Users\Sahli\Local Sites\blanche\app\public\includes\seller.php on line 4
[23-Apr-2022 14:03:27 UTC] PHP Stack trace:
[23-Apr-2022 14:03:27 UTC] PHP   1. {main}() C:\Users\Sahli\Local Sites\blanche\app\public\index.php:0
[23-Apr-2022 14:03:27 UTC] PHP   2. include() C:\Users\Sahli\Local Sites\blanche\app\public\index.php:15
[23-Apr-2022 14:03:28 UTC] PHP Notice:  Undefined variable: sellers in C:\Users\Sahli\Local Sites\blanche\app\public\includes\seller.php on line 4
[23-Apr-2022 14:03:28 UTC] PHP Stack trace:
[23-Apr-2022 14:03:28 UTC] PHP   1. {main}() C:\Users\Sahli\Local Sites\blanche\app\public\index.php:0
[23-Apr-2022 14:03:28 UTC] PHP   2. include() C:\Users\Sahli\Local Sites\blanche\app\public\index.php:15
[23-Apr-2022 14:03:28 UTC] PHP Warning:  Invalid argument supplied for foreach() in C:\Users\Sahli\Local Sites\blanche\app\public\includes\seller.php on line 4
[23-Apr-2022 14:03:28 UTC] PHP Stack trace:
[23-Apr-2022 14:03:28 UTC] PHP   1. {main}() C:\Users\Sahli\Local Sites\blanche\app\public\index.php:0
[23-Apr-2022 14:03:28 UTC] PHP   2. include() C:\Users\Sahli\Local Sites\blanche\app\public\index.php:15
[23-Apr-2022 14:04:53 UTC] PHP Notice:  Undefined variable: sellers in C:\Users\Sahli\Local Sites\blanche\app\public\includes\seller.php on line 4
[23-Apr-2022 14:04:53 UTC] PHP Stack trace:
[23-Apr-2022 14:04:53 UTC] PHP   1. {main}() C:\Users\Sahli\Local Sites\blanche\app\public\index.php:0
[23-Apr-2022 14:04:53 UTC] PHP   2. include() C:\Users\Sahli\Local Sites\blanche\app\public\index.php:15
[23-Apr-2022 14:04:53 UTC] PHP Warning:  Invalid argument supplied for foreach() in C:\Users\Sahli\Local Sites\blanche\app\public\includes\seller.php on line 4
[23-Apr-2022 14:04:53 UTC] PHP Stack trace:
[23-Apr-2022 14:04:53 UTC] PHP   1. {main}() C:\Users\Sahli\Local Sites\blanche\app\public\index.php:0
[23-Apr-2022 14:04:53 UTC] PHP   2. include() C:\Users\Sahli\Local Sites\blanche\app\public\index.php:15
[23-Apr-2022 14:04:54 UTC] PHP Notice:  Undefined variable: sellers in C:\Users\Sahli\Local Sites\blanche\app\public\includes\seller.php on line 4
[23-Apr-2022 14:04:54 UTC] PHP Stack trace:
[23-Apr-2022 14:04:54 UTC] PHP   1. {main}() C:\Users\Sahli\Local Sites\blanche\app\public\index.php:0
[23-Apr-2022 14:04:54 UTC] PHP   2. include() C:\Users\Sahli\Local Sites\blanche\app\public\index.php:15
[23-Apr-2022 14:04:54 UTC] PHP Warning:  Invalid argument supplied for foreach() in C:\Users\Sahli\Local Sites\blanche\app\public\includes\seller.php on line 4
[23-Apr-2022 14:04:54 UTC] PHP Stack trace:
[23-Apr-2022 14:04:54 UTC] PHP   1. {main}() C:\Users\Sahli\Local Sites\blanche\app\public\index.php:0
[23-Apr-2022 14:04:54 UTC] PHP   2. include() C:\Users\Sahli\Local Sites\blanche\app\public\index.php:15
[23-Apr-2022 14:05:00 UTC] PHP Notice:  Undefined variable: sellers in C:\Users\Sahli\Local Sites\blanche\app\public\includes\seller.php on line 4
[23-Apr-2022 14:05:00 UTC] PHP Stack trace:
[23-Apr-2022 14:05:00 UTC] PHP   1. {main}() C:\Users\Sahli\Local Sites\blanche\app\public\index.php:0
[23-Apr-2022 14:05:00 UTC] PHP   2. include() C:\Users\Sahli\Local Sites\blanche\app\public\index.php:15
[23-Apr-2022 14:05:00 UTC] PHP Warning:  Invalid argument supplied for foreach() in C:\Users\Sahli\Local Sites\blanche\app\public\includes\seller.php on line 4
[23-Apr-2022 14:05:00 UTC] PHP Stack trace:
[23-Apr-2022 14:05:00 UTC] PHP   1. {main}() C:\Users\Sahli\Local Sites\blanche\app\public\index.php:0
[23-Apr-2022 14:05:00 UTC] PHP   2. include() C:\Users\Sahli\Local Sites\blanche\app\public\index.php:15
[23-Apr-2022 14:05:00 UTC] PHP Notice:  Undefined variable: sellers in C:\Users\Sahli\Local Sites\blanche\app\public\includes\seller.php on line 4
[23-Apr-2022 14:05:00 UTC] PHP Stack trace:
[23-Apr-2022 14:05:00 UTC] PHP   1. {main}() C:\Users\Sahli\Local Sites\blanche\app\public\index.php:0
[23-Apr-2022 14:05:00 UTC] PHP   2. include() C:\Users\Sahli\Local Sites\blanche\app\public\index.php:15
[23-Apr-2022 14:05:00 UTC] PHP Warning:  Invalid argument supplied for foreach() in C:\Users\Sahli\Local Sites\blanche\app\public\includes\seller.php on line 4
[23-Apr-2022 14:05:00 UTC] PHP Stack trace:
[23-Apr-2022 14:05:00 UTC] PHP   1. {main}() C:\Users\Sahli\Local Sites\blanche\app\public\index.php:0
[23-Apr-2022 14:05:00 UTC] PHP   2. include() C:\Users\Sahli\Local Sites\blanche\app\public\index.php:15
[23-Apr-2022 15:56:11 UTC] PHP Notice:  Undefined variable: sellers in C:\Users\Sahli\Local Sites\blanche\app\public\includes\seller.php on line 4
[23-Apr-2022 15:56:11 UTC] PHP Stack trace:
[23-Apr-2022 15:56:11 UTC] PHP   1. {main}() C:\Users\Sahli\Local Sites\blanche\app\public\index.php:0
[23-Apr-2022 15:56:11 UTC] PHP   2. include() C:\Users\Sahli\Local Sites\blanche\app\public\index.php:15
[23-Apr-2022 15:56:11 UTC] PHP Warning:  Invalid argument supplied for foreach() in C:\Users\Sahli\Local Sites\blanche\app\public\includes\seller.php on line 4
[23-Apr-2022 15:56:11 UTC] PHP Stack trace:
[23-Apr-2022 15:56:11 UTC] PHP   1. {main}() C:\Users\Sahli\Local Sites\blanche\app\public\index.php:0
[23-Apr-2022 15:56:11 UTC] PHP   2. include() C:\Users\Sahli\Local Sites\blanche\app\public\index.php:15
[23-Apr-2022 15:56:11 UTC] PHP Notice:  Undefined variable: sellers in C:\Users\Sahli\Local Sites\blanche\app\public\includes\seller.php on line 4
[23-Apr-2022 15:56:11 UTC] PHP Stack trace:
[23-Apr-2022 15:56:11 UTC] PHP   1. {main}() C:\Users\Sahli\Local Sites\blanche\app\public\index.php:0
[23-Apr-2022 15:56:11 UTC] PHP   2. include() C:\Users\Sahli\Local Sites\blanche\app\public\index.php:15
[23-Apr-2022 15:56:11 UTC] PHP Warning:  Invalid argument supplied for foreach() in C:\Users\Sahli\Local Sites\blanche\app\public\includes\seller.php on line 4
[23-Apr-2022 15:56:11 UTC] PHP Stack trace:
[23-Apr-2022 15:56:11 UTC] PHP   1. {main}() C:\Users\Sahli\Local Sites\blanche\app\public\index.php:0
[23-Apr-2022 15:56:11 UTC] PHP   2. include() C:\Users\Sahli\Local Sites\blanche\app\public\index.php:15
[23-Apr-2022 15:56:36 UTC] PHP Notice:  Undefined variable: sellers in C:\Users\Sahli\Local Sites\blanche\app\public\includes\seller.php on line 4
[23-Apr-2022 15:56:36 UTC] PHP Stack trace:
[23-Apr-2022 15:56:36 UTC] PHP   1. {main}() C:\Users\Sahli\Local Sites\blanche\app\public\index.php:0
[23-Apr-2022 15:56:36 UTC] PHP   2. include() C:\Users\Sahli\Local Sites\blanche\app\public\index.php:15
[23-Apr-2022 15:56:36 UTC] PHP Warning:  Invalid argument supplied for foreach() in C:\Users\Sahli\Local Sites\blanche\app\public\includes\seller.php on line 4
[23-Apr-2022 15:56:36 UTC] PHP Stack trace:
[23-Apr-2022 15:56:36 UTC] PHP   1. {main}() C:\Users\Sahli\Local Sites\blanche\app\public\index.php:0
[23-Apr-2022 15:56:36 UTC] PHP   2. include() C:\Users\Sahli\Local Sites\blanche\app\public\index.php:15
[23-Apr-2022 15:56:36 UTC] PHP Notice:  Undefined variable: sellers in C:\Users\Sahli\Local Sites\blanche\app\public\includes\seller.php on line 4
[23-Apr-2022 15:56:36 UTC] PHP Stack trace:
[23-Apr-2022 15:56:36 UTC] PHP   1. {main}() C:\Users\Sahli\Local Sites\blanche\app\public\index.php:0
[23-Apr-2022 15:56:36 UTC] PHP   2. include() C:\Users\Sahli\Local Sites\blanche\app\public\index.php:15
[23-Apr-2022 15:56:36 UTC] PHP Warning:  Invalid argument supplied for foreach() in C:\Users\Sahli\Local Sites\blanche\app\public\includes\seller.php on line 4
[23-Apr-2022 15:56:36 UTC] PHP Stack trace:
[23-Apr-2022 15:56:36 UTC] PHP   1. {main}() C:\Users\Sahli\Local Sites\blanche\app\public\index.php:0
[23-Apr-2022 15:56:36 UTC] PHP   2. include() C:\Users\Sahli\Local Sites\blanche\app\public\index.php:15
[23-Apr-2022 15:57:05 UTC] PHP Notice:  Undefined variable: data in C:\Users\Sahli\Local Sites\blanche\app\public\includes\seller.php on line 4
[23-Apr-2022 15:57:05 UTC] PHP Stack trace:
[23-Apr-2022 15:57:05 UTC] PHP   1. {main}() C:\Users\Sahli\Local Sites\blanche\app\public\index.php:0
[23-Apr-2022 15:57:05 UTC] PHP   2. include() C:\Users\Sahli\Local Sites\blanche\app\public\index.php:15
[23-Apr-2022 15:57:05 UTC] PHP Warning:  Invalid argument supplied for foreach() in C:\Users\Sahli\Local Sites\blanche\app\public\includes\seller.php on line 4
[23-Apr-2022 15:57:05 UTC] PHP Stack trace:
[23-Apr-2022 15:57:05 UTC] PHP   1. {main}() C:\Users\Sahli\Local Sites\blanche\app\public\index.php:0
[23-Apr-2022 15:57:05 UTC] PHP   2. include() C:\Users\Sahli\Local Sites\blanche\app\public\index.php:15
[23-Apr-2022 15:57:06 UTC] PHP Notice:  Undefined variable: data in C:\Users\Sahli\Local Sites\blanche\app\public\includes\seller.php on line 4
[23-Apr-2022 15:57:06 UTC] PHP Stack trace:
[23-Apr-2022 15:57:06 UTC] PHP   1. {main}() C:\Users\Sahli\Local Sites\blanche\app\public\index.php:0
[23-Apr-2022 15:57:06 UTC] PHP   2. include() C:\Users\Sahli\Local Sites\blanche\app\public\index.php:15
[23-Apr-2022 15:57:06 UTC] PHP Warning:  Invalid argument supplied for foreach() in C:\Users\Sahli\Local Sites\blanche\app\public\includes\seller.php on line 4
[23-Apr-2022 15:57:06 UTC] PHP Stack trace:
[23-Apr-2022 15:57:06 UTC] PHP   1. {main}() C:\Users\Sahli\Local Sites\blanche\app\public\index.php:0
[23-Apr-2022 15:57:06 UTC] PHP   2. include() C:\Users\Sahli\Local Sites\blanche\app\public\index.php:15
[23-Apr-2022 16:05:39 UTC] PHP Notice:  Undefined variable: data in C:\Users\Sahli\Local Sites\blanche\app\public\includes\seller.php on line 4
[23-Apr-2022 16:05:39 UTC] PHP Stack trace:
[23-Apr-2022 16:05:39 UTC] PHP   1. {main}() C:\Users\Sahli\Local Sites\blanche\app\public\index.php:0
[23-Apr-2022 16:05:39 UTC] PHP   2. include() C:\Users\Sahli\Local Sites\blanche\app\public\index.php:15
[23-Apr-2022 16:05:39 UTC] PHP Warning:  Invalid argument supplied for foreach() in C:\Users\Sahli\Local Sites\blanche\app\public\includes\seller.php on line 4
[23-Apr-2022 16:05:39 UTC] PHP Stack trace:
[23-Apr-2022 16:05:39 UTC] PHP   1. {main}() C:\Users\Sahli\Local Sites\blanche\app\public\index.php:0
[23-Apr-2022 16:05:39 UTC] PHP   2. include() C:\Users\Sahli\Local Sites\blanche\app\public\index.php:15
[23-Apr-2022 16:05:40 UTC] PHP Notice:  Undefined variable: data in C:\Users\Sahli\Local Sites\blanche\app\public\includes\seller.php on line 4
[23-Apr-2022 16:05:40 UTC] PHP Stack trace:
[23-Apr-2022 16:05:40 UTC] PHP   1. {main}() C:\Users\Sahli\Local Sites\blanche\app\public\index.php:0
[23-Apr-2022 16:05:40 UTC] PHP   2. include() C:\Users\Sahli\Local Sites\blanche\app\public\index.php:15
[23-Apr-2022 16:05:40 UTC] PHP Warning:  Invalid argument supplied for foreach() in C:\Users\Sahli\Local Sites\blanche\app\public\includes\seller.php on line 4
[23-Apr-2022 16:05:40 UTC] PHP Stack trace:
[23-Apr-2022 16:05:40 UTC] PHP   1. {main}() C:\Users\Sahli\Local Sites\blanche\app\public\index.php:0
[23-Apr-2022 16:05:40 UTC] PHP   2. include() C:\Users\Sahli\Local Sites\blanche\app\public\index.php:15
[23-Apr-2022 16:06:47 UTC] PHP Notice:  Undefined variable: data in C:\Users\Sahli\Local Sites\blanche\app\public\includes\seller.php on line 4
[23-Apr-2022 16:06:47 UTC] PHP Stack trace:
[23-Apr-2022 16:06:47 UTC] PHP   1. {main}() C:\Users\Sahli\Local Sites\blanche\app\public\index.php:0
[23-Apr-2022 16:06:47 UTC] PHP   2. include() C:\Users\Sahli\Local Sites\blanche\app\public\index.php:15
[23-Apr-2022 16:06:47 UTC] PHP Warning:  Invalid argument supplied for foreach() in C:\Users\Sahli\Local Sites\blanche\app\public\includes\seller.php on line 4
[23-Apr-2022 16:06:47 UTC] PHP Stack trace:
[23-Apr-2022 16:06:47 UTC] PHP   1. {main}() C:\Users\Sahli\Local Sites\blanche\app\public\index.php:0
[23-Apr-2022 16:06:47 UTC] PHP   2. include() C:\Users\Sahli\Local Sites\blanche\app\public\index.php:15
[23-Apr-2022 16:06:47 UTC] PHP Notice:  Undefined variable: data in C:\Users\Sahli\Local Sites\blanche\app\public\index.php on line 20
[23-Apr-2022 16:06:47 UTC] PHP Stack trace:
[23-Apr-2022 16:06:47 UTC] PHP   1. {main}() C:\Users\Sahli\Local Sites\blanche\app\public\index.php:0
[23-Apr-2022 16:06:47 UTC] PHP Warning:  Invalid argument supplied for foreach() in C:\Users\Sahli\Local Sites\blanche\app\public\index.php on line 20
[23-Apr-2022 16:06:47 UTC] PHP Stack trace:
[23-Apr-2022 16:06:47 UTC] PHP   1. {main}() C:\Users\Sahli\Local Sites\blanche\app\public\index.php:0
[23-Apr-2022 16:06:48 UTC] PHP Notice:  Undefined variable: data in C:\Users\Sahli\Local Sites\blanche\app\public\includes\seller.php on line 4
[23-Apr-2022 16:06:48 UTC] PHP Stack trace:
[23-Apr-2022 16:06:48 UTC] PHP   1. {main}() C:\Users\Sahli\Local Sites\blanche\app\public\index.php:0
[23-Apr-2022 16:06:48 UTC] PHP   2. include() C:\Users\Sahli\Local Sites\blanche\app\public\index.php:15
[23-Apr-2022 16:06:48 UTC] PHP Warning:  Invalid argument supplied for foreach() in C:\Users\Sahli\Local Sites\blanche\app\public\includes\seller.php on line 4
[23-Apr-2022 16:06:48 UTC] PHP Stack trace:
[23-Apr-2022 16:06:48 UTC] PHP   1. {main}() C:\Users\Sahli\Local Sites\blanche\app\public\index.php:0
[23-Apr-2022 16:06:48 UTC] PHP   2. include() C:\Users\Sahli\Local Sites\blanche\app\public\index.php:15
[23-Apr-2022 16:06:48 UTC] PHP Notice:  Undefined variable: data in C:\Users\Sahli\Local Sites\blanche\app\public\index.php on line 20
[23-Apr-2022 16:06:48 UTC] PHP Stack trace:
[23-Apr-2022 16:06:48 UTC] PHP   1. {main}() C:\Users\Sahli\Local Sites\blanche\app\public\index.php:0
[23-Apr-2022 16:06:48 UTC] PHP Warning:  Invalid argument supplied for foreach() in C:\Users\Sahli\Local Sites\blanche\app\public\index.php on line 20
[23-Apr-2022 16:06:48 UTC] PHP Stack trace:
[23-Apr-2022 16:06:48 UTC] PHP   1. {main}() C:\Users\Sahli\Local Sites\blanche\app\public\index.php:0
[23-Apr-2022 16:07:18 UTC] PHP Notice:  Undefined variable: data in C:\Users\Sahli\Local Sites\blanche\app\public\includes\seller.php on line 4
[23-Apr-2022 16:07:18 UTC] PHP Stack trace:
[23-Apr-2022 16:07:18 UTC] PHP   1. {main}() C:\Users\Sahli\Local Sites\blanche\app\public\index.php:0
[23-Apr-2022 16:07:18 UTC] PHP   2. include() C:\Users\Sahli\Local Sites\blanche\app\public\index.php:15
[23-Apr-2022 16:07:18 UTC] PHP Warning:  Invalid argument supplied for foreach() in C:\Users\Sahli\Local Sites\blanche\app\public\includes\seller.php on line 4
[23-Apr-2022 16:07:18 UTC] PHP Stack trace:
[23-Apr-2022 16:07:18 UTC] PHP   1. {main}() C:\Users\Sahli\Local Sites\blanche\app\public\index.php:0
[23-Apr-2022 16:07:18 UTC] PHP   2. include() C:\Users\Sahli\Local Sites\blanche\app\public\index.php:15
[23-Apr-2022 16:07:18 UTC] PHP Notice:  Undefined variable: data in C:\Users\Sahli\Local Sites\blanche\app\public\includes\seller.php on line 4
[23-Apr-2022 16:07:18 UTC] PHP Stack trace:
[23-Apr-2022 16:07:18 UTC] PHP   1. {main}() C:\Users\Sahli\Local Sites\blanche\app\public\index.php:0
[23-Apr-2022 16:07:18 UTC] PHP   2. include() C:\Users\Sahli\Local Sites\blanche\app\public\index.php:15
[23-Apr-2022 16:07:18 UTC] PHP Warning:  Invalid argument supplied for foreach() in C:\Users\Sahli\Local Sites\blanche\app\public\includes\seller.php on line 4
[23-Apr-2022 16:07:18 UTC] PHP Stack trace:
[23-Apr-2022 16:07:18 UTC] PHP   1. {main}() C:\Users\Sahli\Local Sites\blanche\app\public\index.php:0
[23-Apr-2022 16:07:18 UTC] PHP   2. include() C:\Users\Sahli\Local Sites\blanche\app\public\index.php:15
[23-Apr-2022 17:42:19 UTC] PHP Notice:  Undefined index: picture-img in C:\Users\Sahli\Local Sites\blanche\app\public\includes\pictures.php on line 7
[23-Apr-2022 17:42:19 UTC] PHP Stack trace:
[23-Apr-2022 17:42:19 UTC] PHP   1. {main}() C:\Users\Sahli\Local Sites\blanche\app\public\index.php:0
[23-Apr-2022 17:42:19 UTC] PHP   2. include() C:\Users\Sahli\Local Sites\blanche\app\public\index.php:21
[23-Apr-2022 17:42:19 UTC] PHP Notice:  Undefined index: picture-img in C:\Users\Sahli\Local Sites\blanche\app\public\includes\pictures.php on line 7
[23-Apr-2022 17:42:19 UTC] PHP Stack trace:
[23-Apr-2022 17:42:19 UTC] PHP   1. {main}() C:\Users\Sahli\Local Sites\blanche\app\public\index.php:0
[23-Apr-2022 17:42:19 UTC] PHP   2. include() C:\Users\Sahli\Local Sites\blanche\app\public\index.php:21
[23-Apr-2022 17:42:19 UTC] PHP Notice:  Undefined index: picture-img in C:\Users\Sahli\Local Sites\blanche\app\public\includes\pictures.php on line 7
[23-Apr-2022 17:42:19 UTC] PHP Stack trace:
[23-Apr-2022 17:42:19 UTC] PHP   1. {main}() C:\Users\Sahli\Local Sites\blanche\app\public\index.php:0
[23-Apr-2022 17:42:19 UTC] PHP   2. include() C:\Users\Sahli\Local Sites\blanche\app\public\index.php:21
[23-Apr-2022 17:42:19 UTC] PHP Notice:  Undefined index: picture-img in C:\Users\Sahli\Local Sites\blanche\app\public\includes\pictures.php on line 7
[23-Apr-2022 17:42:19 UTC] PHP Stack trace:
[23-Apr-2022 17:42:19 UTC] PHP   1. {main}() C:\Users\Sahli\Local Sites\blanche\app\public\index.php:0
[23-Apr-2022 17:42:19 UTC] PHP   2. include() C:\Users\Sahli\Local Sites\blanche\app\public\index.php:21
[23-Apr-2022 17:42:19 UTC] PHP Notice:  Undefined index: picture-img in C:\Users\Sahli\Local Sites\blanche\app\public\includes\pictures.php on line 7
[23-Apr-2022 17:42:19 UTC] PHP Stack trace:
[23-Apr-2022 17:42:19 UTC] PHP   1. {main}() C:\Users\Sahli\Local Sites\blanche\app\public\index.php:0
[23-Apr-2022 17:42:19 UTC] PHP   2. include() C:\Users\Sahli\Local Sites\blanche\app\public\index.php:21
[23-Apr-2022 17:42:19 UTC] PHP Notice:  Undefined index: picture-img in C:\Users\Sahli\Local Sites\blanche\app\public\includes\pictures.php on line 7
[23-Apr-2022 17:42:19 UTC] PHP Stack trace:
[23-Apr-2022 17:42:19 UTC] PHP   1. {main}() C:\Users\Sahli\Local Sites\blanche\app\public\index.php:0
[23-Apr-2022 17:42:19 UTC] PHP   2. include() C:\Users\Sahli\Local Sites\blanche\app\public\index.php:21
[23-Apr-2022 17:42:19 UTC] PHP Notice:  Undefined index: picture-img in C:\Users\Sahli\Local Sites\blanche\app\public\includes\pictures.php on line 7
[23-Apr-2022 17:42:19 UTC] PHP Stack trace:
[23-Apr-2022 17:42:19 UTC] PHP   1. {main}() C:\Users\Sahli\Local Sites\blanche\app\public\index.php:0
[23-Apr-2022 17:42:19 UTC] PHP   2. include() C:\Users\Sahli\Local Sites\blanche\app\public\index.php:21
[23-Apr-2022 17:42:19 UTC] PHP Notice:  Undefined index: picture-img in C:\Users\Sahli\Local Sites\blanche\app\public\includes\pictures.php on line 7
[23-Apr-2022 17:42:19 UTC] PHP Stack trace:
[23-Apr-2022 17:42:19 UTC] PHP   1. {main}() C:\Users\Sahli\Local Sites\blanche\app\public\index.php:0
[23-Apr-2022 17:42:19 UTC] PHP   2. include() C:\Users\Sahli\Local Sites\blanche\app\public\index.php:21
[23-Apr-2022 17:42:19 UTC] PHP Notice:  Undefined index: picture-img in C:\Users\Sahli\Local Sites\blanche\app\public\includes\pictures.php on line 7
[23-Apr-2022 17:42:19 UTC] PHP Stack trace:
[23-Apr-2022 17:42:19 UTC] PHP   1. {main}() C:\Users\Sahli\Local Sites\blanche\app\public\index.php:0
[23-Apr-2022 17:42:19 UTC] PHP   2. include() C:\Users\Sahli\Local Sites\blanche\app\public\index.php:21
[23-Apr-2022 17:42:19 UTC] PHP Notice:  Undefined index: picture-img in C:\Users\Sahli\Local Sites\blanche\app\public\includes\pictures.php on line 7
[23-Apr-2022 17:42:19 UTC] PHP Stack trace:
[23-Apr-2022 17:42:19 UTC] PHP   1. {main}() C:\Users\Sahli\Local Sites\blanche\app\public\index.php:0
[23-Apr-2022 17:42:19 UTC] PHP   2. include() C:\Users\Sahli\Local Sites\blanche\app\public\index.php:21
[23-Apr-2022 17:42:19 UTC] PHP Notice:  Undefined index: picture-img in C:\Users\Sahli\Local Sites\blanche\app\public\includes\pictures.php on line 7
[23-Apr-2022 17:42:19 UTC] PHP Stack trace:
[23-Apr-2022 17:42:19 UTC] PHP   1. {main}() C:\Users\Sahli\Local Sites\blanche\app\public\index.php:0
[23-Apr-2022 17:42:19 UTC] PHP   2. include() C:\Users\Sahli\Local Sites\blanche\app\public\index.php:21
[23-Apr-2022 17:42:19 UTC] PHP Notice:  Undefined index: picture-img in C:\Users\Sahli\Local Sites\blanche\app\public\includes\pictures.php on line 7
[23-Apr-2022 17:42:19 UTC] PHP Stack trace:
[23-Apr-2022 17:42:19 UTC] PHP   1. {main}() C:\Users\Sahli\Local Sites\blanche\app\public\index.php:0
[23-Apr-2022 17:42:19 UTC] PHP   2. include() C:\Users\Sahli\Local Sites\blanche\app\public\index.php:21
[23-Apr-2022 17:42:20 UTC] PHP Notice:  Undefined index: picture-img in C:\Users\Sahli\Local Sites\blanche\app\public\includes\pictures.php on line 7
[23-Apr-2022 17:42:20 UTC] PHP Stack trace:
[23-Apr-2022 17:42:20 UTC] PHP   1. {main}() C:\Users\Sahli\Local Sites\blanche\app\public\index.php:0
[23-Apr-2022 17:42:20 UTC] PHP   2. include() C:\Users\Sahli\Local Sites\blanche\app\public\index.php:21
[23-Apr-2022 17:42:20 UTC] PHP Notice:  Undefined index: picture-img in C:\Users\Sahli\Local Sites\blanche\app\public\includes\pictures.php on line 7
[23-Apr-2022 17:42:20 UTC] PHP Stack trace:
[23-Apr-2022 17:42:20 UTC] PHP   1. {main}() C:\Users\Sahli\Local Sites\blanche\app\public\index.php:0
[23-Apr-2022 17:42:20 UTC] PHP   2. include() C:\Users\Sahli\Local Sites\blanche\app\public\index.php:21
[23-Apr-2022 17:42:20 UTC] PHP Notice:  Undefined index: picture-img in C:\Users\Sahli\Local Sites\blanche\app\public\includes\pictures.php on line 7
[23-Apr-2022 17:42:20 UTC] PHP Stack trace:
[23-Apr-2022 17:42:20 UTC] PHP   1. {main}() C:\Users\Sahli\Local Sites\blanche\app\public\index.php:0
[23-Apr-2022 17:42:20 UTC] PHP   2. include() C:\Users\Sahli\Local Sites\blanche\app\public\index.php:21
[23-Apr-2022 17:42:20 UTC] PHP Notice:  Undefined index: picture-img in C:\Users\Sahli\Local Sites\blanche\app\public\includes\pictures.php on line 7
[23-Apr-2022 17:42:20 UTC] PHP Stack trace:
[23-Apr-2022 17:42:20 UTC] PHP   1. {main}() C:\Users\Sahli\Local Sites\blanche\app\public\index.php:0
[23-Apr-2022 17:42:20 UTC] PHP   2. include() C:\Users\Sahli\Local Sites\blanche\app\public\index.php:21
[23-Apr-2022 17:48:17 UTC] PHP Notice:  Undefined index: seller-img in C:\Users\Sahli\Local Sites\blanche\app\public\includes\shop.php on line 12
[23-Apr-2022 17:48:17 UTC] PHP Stack trace:
[23-Apr-2022 17:48:17 UTC] PHP   1. {main}() C:\Users\Sahli\Local Sites\blanche\app\public\index.php:0
[23-Apr-2022 17:48:17 UTC] PHP   2. include() C:\Users\Sahli\Local Sites\blanche\app\public\index.php:13
[23-Apr-2022 17:48:17 UTC] PHP Notice:  Undefined index: seller-img in C:\Users\Sahli\Local Sites\blanche\app\public\includes\shop.php on line 12
[23-Apr-2022 17:48:17 UTC] PHP Stack trace:
[23-Apr-2022 17:48:17 UTC] PHP   1. {main}() C:\Users\Sahli\Local Sites\blanche\app\public\index.php:0
[23-Apr-2022 17:48:17 UTC] PHP   2. include() C:\Users\Sahli\Local Sites\blanche\app\public\index.php:13
[23-Apr-2022 17:48:17 UTC] PHP Notice:  Undefined index: seller-img in C:\Users\Sahli\Local Sites\blanche\app\public\includes\shop.php on line 12
[23-Apr-2022 17:48:17 UTC] PHP Stack trace:
[23-Apr-2022 17:48:17 UTC] PHP   1. {main}() C:\Users\Sahli\Local Sites\blanche\app\public\index.php:0
[23-Apr-2022 17:48:17 UTC] PHP   2. include() C:\Users\Sahli\Local Sites\blanche\app\public\index.php:13
[23-Apr-2022 17:48:17 UTC] PHP Notice:  Undefined index: seller-img in C:\Users\Sahli\Local Sites\blanche\app\public\includes\shop.php on line 12
[23-Apr-2022 17:48:17 UTC] PHP Stack trace:
[23-Apr-2022 17:48:17 UTC] PHP   1. {main}() C:\Users\Sahli\Local Sites\blanche\app\public\index.php:0
[23-Apr-2022 17:48:17 UTC] PHP   2. include() C:\Users\Sahli\Local Sites\blanche\app\public\index.php:13
[23-Apr-2022 17:48:18 UTC] PHP Notice:  Undefined index: seller-img in C:\Users\Sahli\Local Sites\blanche\app\public\includes\shop.php on line 12
[23-Apr-2022 17:48:18 UTC] PHP Stack trace:
[23-Apr-2022 17:48:18 UTC] PHP   1. {main}() C:\Users\Sahli\Local Sites\blanche\app\public\index.php:0
[23-Apr-2022 17:48:18 UTC] PHP   2. include() C:\Users\Sahli\Local Sites\blanche\app\public\index.php:13
[23-Apr-2022 17:48:18 UTC] PHP Notice:  Undefined index: seller-img in C:\Users\Sahli\Local Sites\blanche\app\public\includes\shop.php on line 12
[23-Apr-2022 17:48:18 UTC] PHP Stack trace:
[23-Apr-2022 17:48:18 UTC] PHP   1. {main}() C:\Users\Sahli\Local Sites\blanche\app\public\index.php:0
[23-Apr-2022 17:48:18 UTC] PHP   2. include() C:\Users\Sahli\Local Sites\blanche\app\public\index.php:13
[23-Apr-2022 17:48:18 UTC] PHP Notice:  Undefined index: seller-img in C:\Users\Sahli\Local Sites\blanche\app\public\includes\shop.php on line 12
[23-Apr-2022 17:48:18 UTC] PHP Stack trace:
[23-Apr-2022 17:48:18 UTC] PHP   1. {main}() C:\Users\Sahli\Local Sites\blanche\app\public\index.php:0
[23-Apr-2022 17:48:18 UTC] PHP   2. include() C:\Users\Sahli\Local Sites\blanche\app\public\index.php:13
[23-Apr-2022 17:48:18 UTC] PHP Notice:  Undefined index: seller-img in C:\Users\Sahli\Local Sites\blanche\app\public\includes\shop.php on line 12
[23-Apr-2022 17:48:18 UTC] PHP Stack trace:
[23-Apr-2022 17:48:18 UTC] PHP   1. {main}() C:\Users\Sahli\Local Sites\blanche\app\public\index.php:0
[23-Apr-2022 17:48:18 UTC] PHP   2. include() C:\Users\Sahli\Local Sites\blanche\app\public\index.php:13
[23-Apr-2022 17:49:11 UTC] PHP Notice:  Undefined index: seller-img in C:\Users\Sahli\Local Sites\blanche\app\public\includes\shop.php on line 12
[23-Apr-2022 17:49:11 UTC] PHP Stack trace:
[23-Apr-2022 17:49:11 UTC] PHP   1. {main}() C:\Users\Sahli\Local Sites\blanche\app\public\index.php:0
[23-Apr-2022 17:49:11 UTC] PHP   2. include() C:\Users\Sahli\Local Sites\blanche\app\public\index.php:13
[23-Apr-2022 17:49:11 UTC] PHP Notice:  Undefined index: seller-img in C:\Users\Sahli\Local Sites\blanche\app\public\includes\shop.php on line 12
[23-Apr-2022 17:49:11 UTC] PHP Stack trace:
[23-Apr-2022 17:49:11 UTC] PHP   1. {main}() C:\Users\Sahli\Local Sites\blanche\app\public\index.php:0
[23-Apr-2022 17:49:11 UTC] PHP   2. include() C:\Users\Sahli\Local Sites\blanche\app\public\index.php:13
[23-Apr-2022 17:49:11 UTC] PHP Notice:  Undefined index: seller-img in C:\Users\Sahli\Local Sites\blanche\app\public\includes\shop.php on line 12
[23-Apr-2022 17:49:11 UTC] PHP Stack trace:
[23-Apr-2022 17:49:11 UTC] PHP   1. {main}() C:\Users\Sahli\Local Sites\blanche\app\public\index.php:0
[23-Apr-2022 17:49:11 UTC] PHP   2. include() C:\Users\Sahli\Local Sites\blanche\app\public\index.php:13
[23-Apr-2022 17:49:11 UTC] PHP Notice:  Undefined index: seller-img in C:\Users\Sahli\Local Sites\blanche\app\public\includes\shop.php on line 12
[23-Apr-2022 17:49:11 UTC] PHP Stack trace:
[23-Apr-2022 17:49:11 UTC] PHP   1. {main}() C:\Users\Sahli\Local Sites\blanche\app\public\index.php:0
[23-Apr-2022 17:49:11 UTC] PHP   2. include() C:\Users\Sahli\Local Sites\blanche\app\public\index.php:13
[23-Apr-2022 17:49:12 UTC] PHP Notice:  Undefined index: seller-img in C:\Users\Sahli\Local Sites\blanche\app\public\includes\shop.php on line 12
[23-Apr-2022 17:49:12 UTC] PHP Stack trace:
[23-Apr-2022 17:49:12 UTC] PHP   1. {main}() C:\Users\Sahli\Local Sites\blanche\app\public\index.php:0
[23-Apr-2022 17:49:12 UTC] PHP   2. include() C:\Users\Sahli\Local Sites\blanche\app\public\index.php:13
[23-Apr-2022 17:49:12 UTC] PHP Notice:  Undefined index: seller-img in C:\Users\Sahli\Local Sites\blanche\app\public\includes\shop.php on line 12
[23-Apr-2022 17:49:12 UTC] PHP Stack trace:
[23-Apr-2022 17:49:12 UTC] PHP   1. {main}() C:\Users\Sahli\Local Sites\blanche\app\public\index.php:0
[23-Apr-2022 17:49:12 UTC] PHP   2. include() C:\Users\Sahli\Local Sites\blanche\app\public\index.php:13
[23-Apr-2022 17:49:12 UTC] PHP Notice:  Undefined index: seller-img in C:\Users\Sahli\Local Sites\blanche\app\public\includes\shop.php on line 12
[23-Apr-2022 17:49:12 UTC] PHP Stack trace:
[23-Apr-2022 17:49:12 UTC] PHP   1. {main}() C:\Users\Sahli\Local Sites\blanche\app\public\index.php:0
[23-Apr-2022 17:49:12 UTC] PHP   2. include() C:\Users\Sahli\Local Sites\blanche\app\public\index.php:13
[23-Apr-2022 17:49:12 UTC] PHP Notice:  Undefined index: seller-img in C:\Users\Sahli\Local Sites\blanche\app\public\includes\shop.php on line 12
[23-Apr-2022 17:49:12 UTC] PHP Stack trace:
[23-Apr-2022 17:49:12 UTC] PHP   1. {main}() C:\Users\Sahli\Local Sites\blanche\app\public\index.php:0
[23-Apr-2022 17:49:12 UTC] PHP   2. include() C:\Users\Sahli\Local Sites\blanche\app\public\index.php:13
